[RUN #0 100 100]
-113 836 447 524 557 781 -574 -620 -628 -36 219 916 -894 -888 188 -409 576 246 -698 -619 -112 -961 -278 -624 291 -543 307 140 -634 907 937 -183 -925 -779 35 315 -58 771 402 629 638 -758 -891 823 -717 230 -69 -98 -968 -410 544 -527 932 611 711 706 -846 -770 989 -923 465 809 -245 -60 195 -486 -405 984 -682 585 213 -118 -871 -145 249 -534 -101 604 27 977 -243 -89 166 -479 833 433 -734 -173 -338 323 -471 -19 -627 88 536 -909 -762 48 164 -842
381 501 -523 232 -566 -16 -464 709 -712 805 602 196 577 52 -132 -988 924 -982 131 941 203 462 -863 346 -940 113 752 -266 -768 461 -971 -650 312 348 -504 -765 -219 57 -604 -406 -699 341 -262 -46 -781 63 -586 896 470 496 -719 -499 157 966 -525 -848 -230 486 369 947 -601 25 20 450 -882 -619 159 -264 415 673 506 -336 -670 266 -461 795 985 -614 -173 974 -218 411 -460 -615 -484 275 -732 -361 21 -468 474 -206 948 402 -696 -255 -450 -283 -541 186
-144 251 -76 299 633 511 851 506 -127 450 -599 986 -67 481 -465 678 -40 -6 -533 -248 -71 713 -79 59 280 942 350 837 576 -997 980 179 -255 36 23 755 -197 868 -63 975 256 476 651 -974 444 130 -698 -269 537 -771 -84 979 695 -377 -998 -135 680 250 -893 -591 248 -305 -532 -996 768 80 -199 -868 -62 -473 -847 -867 399 -651 200 976 -602 658 116 -289 -838 -368 807 13 847 262 31 93 -451 -195 -137 -310 939 277 604 572 293 232 -235 647
-232 242 -351 -588 643 -295 674 -56 930 -452 -50 -614 -999 -119 624 534 -702 707 460 367 -58 331 -923 644 -967 614 532 -88 868 539 103 246 178 -359 421 875 -601 -25 465 765 -636 34 -137 -657 646 867 -443 700 -254 -481 414 -969 -739 315 -272 -547 -996 -465 -300 -472 525 502 -955 208 -710 600 186 444 -7 -212 255 174 719 376 -43 -919 475 459 590 852 91 817 418 -613 -562 -415 -798 941 -263 147 394 247 -671 978 -147 368 -746 671 -863 -447
58 -744 -705 -57 659 -480 547 368 -757 -167 256 106 951 -234 -980 303 -565 -550 286 -487 -559 779 965 -468 534 883 -552 -297 -624 971 51 -454 327 494 220 -892 -393 311 -759 825 148 -569 258 668 397 464 -38 905 988 -905 47 -180 -558 -917 129 -907 -578 -943 -753 -14 399 -796 10 -681 -471 -827 -369 745 -419 -658 -260 954 -350 331 -479 213 -852 -219 826 -409 89 746 -450 -959 980 252 777 858 -493 1 16 -534 130 -637 893 -478 754 607 -519 -856
[RUN #1 1 100]
-755
795
989
-980
49
-778
31
684
-925
-720
[RUN #2 2 100]
-101 -934
-830 503
-311 631
-561 -392
914 224
-140 -243
855 -951
985 980
9 -988
176 482
[RUN #3 3 100]
89 -82 -76
387 700 -115
-988 -110 364
375 268 -748
728 943 841
47 612 661
-827 697 -167
-792 953 -863
-174 345 -926
[RUN #4 4 100]
961 -726 717 -498
-908 -203 -856 -33
-800 -341 -665 -389
245 -80 -154 -982
-828 -510 918 -436
669 952 819 286
-70 -901 -872 174
377 200 648 -833
-915 -797 302 -895
57 -872 -949 -167
[RUN #5 5 100]
-475 -257 -785 -711 -398
772 -972 908 934 -946
550 752 365 -755 -254
-890 730 -151 718 65
549 -539 -962 399 504
-903 -626 908 -732 343
-261 -901 -695 205 343
137 -548 153 468 714
-786 -96 162 -302 717
598 -743 703 155 815
-706 204 553 968 -761
796 -363 -187 -277 583
-78 981 -912 -281 -973
[RUN #6 6 100]
-390 63 636 -523 964 -585
158 -505 -364 309 -931 452
-716 -853 -718 -458 888 -148
589 -951 100 876 -268 -60
-982 969 495 888 -689 327
-692 25 85 164 462 733
544 458 765 -658 -263 -294
207 798 462 -553 -505 -980
